<?xml version="1.0" encoding="UTF-8"?>
<testng-results skipped="0" failed="1" total="5" passed="4">
  <reporter-output>
  </reporter-output>
  <suite name="Default suite" duration-ms="160010" started-at="2021-08-13T07:57:43Z" finished-at="2021-08-13T08:00:23Z">
    <groups>
    </groups>
    <test name="Default test" duration-ms="160010" started-at="2021-08-13T07:57:43Z" finished-at="2021-08-13T08:00:23Z">
      <class name="com.practice.MMT_withDataprovider">
        <test-method status="PASS" signature="cities(java.lang.String, java.lang.String)[pri:0, instance:com.practice.MMT_withDataprovider@4501b7af]" name="cities" duration-ms="23922" started-at="2021-08-13T13:27:43Z" data-provider="getvalues" finished-at="2021-08-13T13:28:07Z">
          <params>
            <param index="0">
              <value>
                <![CDATA[GOI]]>
              </value>
            </param>
            <param index="1">
              <value>
                <![CDATA[BLR]]>
              </value>
            </param>
          </params>
          <reporter-output>
          </reporter-output>
        </test-method> <!-- cities -->
        <test-method status="FAIL" signature="cities(java.lang.String, java.lang.String)[pri:0, instance:com.practice.MMT_withDataprovider@4501b7af]" name="cities" duration-ms="17878" started-at="2021-08-13T13:28:07Z" data-provider="getvalues" finished-at="2021-08-13T13:28:25Z">
          <params>
            <param index="0">
              <value>
                <![CDATA[MYQ]]>
              </value>
            </param>
            <param index="1">
              <value>
                <![CDATA[DEL]]>
              </value>
            </param>
          </params>
          <exception class="org.openqa.selenium.StaleElementReferenceException">
            <message>
              <![CDATA[stale element reference: element is not attached to the page document
  (Session info: chrome=92.0.4515.131)
For documentation on this error, please visit: https://www.seleniumhq.org/exceptions/stale_element_reference.html
Build info: version: '3.141.59', revision: 'e82be7d358', time: '2018-11-14T08:17:03'
System info: host: 'HP', ip: '192.168.43.245', os.name: 'Windows 10', os.arch: 'amd64', os.version: '10.0', java.version: '1.8.0_281'
Driver info: org.openqa.selenium.chrome.ChromeDriver
Capabilities {acceptInsecureCerts: false, browserName: chrome, browserVersion: 92.0.4515.131, chrome: {chromedriverVersion: 91.0.4472.19 (1bf021f248676..., userDataDir: C:\Users\HPUSER~1\AppData\L...}, goog:chromeOptions: {debuggerAddress: localhost:61108}, javascriptEnabled: true, networkConnectionEnabled: false, pageLoadStrategy: normal, platform: WINDOWS, platformName: WINDOWS, proxy: Proxy(), setWindowRect: true, strictFileInteractability: false, timeouts: {implicit: 0, pageLoad: 300000, script: 30000}, unhandledPromptBehavior: dismiss and notify, webauthn:extension:largeBlob: true, webauthn:virtualAuthenticators: true}
Session ID: 1100393445064dca26133f031066a69e]]>
            </message>
            <full-stacktrace>
              <![CDATA[org.openqa.selenium.StaleElementReferenceException: stale element reference: element is not attached to the page document
  (Session info: chrome=92.0.4515.131)
For documentation on this error, please visit: https://www.seleniumhq.org/exceptions/stale_element_reference.html
Build info: version: '3.141.59', revision: 'e82be7d358', time: '2018-11-14T08:17:03'
System info: host: 'HP', ip: '192.168.43.245', os.name: 'Windows 10', os.arch: 'amd64', os.version: '10.0', java.version: '1.8.0_281'
Driver info: org.openqa.selenium.chrome.ChromeDriver
Capabilities {acceptInsecureCerts: false, browserName: chrome, browserVersion: 92.0.4515.131, chrome: {chromedriverVersion: 91.0.4472.19 (1bf021f248676..., userDataDir: C:\Users\HPUSER~1\AppData\L...}, goog:chromeOptions: {debuggerAddress: localhost:61108}, javascriptEnabled: true, networkConnectionEnabled: false, pageLoadStrategy: normal, platform: WINDOWS, platformName: WINDOWS, proxy: Proxy(), setWindowRect: true, strictFileInteractability: false, timeouts: {implicit: 0, pageLoad: 300000, script: 30000}, unhandledPromptBehavior: dismiss and notify, webauthn:extension:largeBlob: true, webauthn:virtualAuthenticators: true}
Session ID: 1100393445064dca26133f031066a69e
	at sun.reflect.NativeConstructorAccessorImpl.newInstance0(Native Method)
	at sun.reflect.NativeConstructorAccessorImpl.newInstance(Unknown Source)
	at sun.reflect.DelegatingConstructorAccessorImpl.newInstance(Unknown Source)
	at java.lang.reflect.Constructor.newInstance(Unknown Source)
	at org.openqa.selenium.remote.http.W3CHttpResponseCodec.createException(W3CHttpResponseCodec.java:187)
	at org.openqa.selenium.remote.http.W3CHttpResponseCodec.decode(W3CHttpResponseCodec.java:122)
	at org.openqa.selenium.remote.http.W3CHttpResponseCodec.decode(W3CHttpResponseCodec.java:49)
	at org.openqa.selenium.remote.HttpCommandExecutor.execute(HttpCommandExecutor.java:158)
	at org.openqa.selenium.remote.service.DriverCommandExecutor.execute(DriverCommandExecutor.java:83)
	at org.openqa.selenium.remote.RemoteWebDriver.execute(RemoteWebDriver.java:552)
	at org.openqa.selenium.remote.RemoteWebElement.execute(RemoteWebElement.java:285)
	at org.openqa.selenium.remote.RemoteWebElement.click(RemoteWebElement.java:84)
	at com.practice.MMT_withDataprovider.cities(MMT_withDataprovider.java:37)
	at sun.reflect.NativeMethodAccessorImpl.invoke0(Native Method)
	at sun.reflect.NativeMethodAccessorImpl.invoke(Unknown Source)
	at sun.reflect.DelegatingMethodAccessorImpl.invoke(Unknown Source)
	at java.lang.reflect.Method.invoke(Unknown Source)
	at org.testng.internal.MethodInvocationHelper.invokeMethod(MethodInvocationHelper.java:100)
	at org.testng.internal.Invoker.invokeMethod(Invoker.java:646)
	at org.testng.internal.Invoker.invokeTestMethod(Invoker.java:811)
	at org.testng.internal.Invoker.invokeTestMethods(Invoker.java:1137)
	at org.testng.internal.TestMethodWorker.invokeTestMethods(TestMethodWorker.java:129)
	at org.testng.internal.TestMethodWorker.run(TestMethodWorker.java:112)
	at org.testng.TestRunner.privateRun(TestRunner.java:753)
	at org.testng.TestRunner.run(TestRunner.java:607)
	at org.testng.SuiteRunner.runTest(SuiteRunner.java:368)
	at org.testng.SuiteRunner.runSequentially(SuiteRunner.java:363)
	at org.testng.SuiteRunner.privateRun(SuiteRunner.java:321)
	at org.testng.SuiteRunner.run(SuiteRunner.java:270)
	at org.testng.SuiteRunnerWorker.runSuite(SuiteRunnerWorker.java:52)
	at org.testng.SuiteRunnerWorker.run(SuiteRunnerWorker.java:86)
	at org.testng.TestNG.runSuitesSequentially(TestNG.java:1284)
	at org.testng.TestNG.runSuitesLocally(TestNG.java:1209)
	at org.testng.TestNG.runSuites(TestNG.java:1124)
	at org.testng.TestNG.run(TestNG.java:1096)
	at org.testng.remote.AbstractRemoteTestNG.run(AbstractRemoteTestNG.java:132)
	at org.testng.remote.RemoteTestNG.initAndRun(RemoteTestNG.java:236)
	at org.testng.remote.RemoteTestNG.main(RemoteTestNG.java:81)
]]>
            </full-stacktrace>
          </exception> <!-- org.openqa.selenium.StaleElementReferenceException -->
          <reporter-output>
          </reporter-output>
        </test-method> <!-- cities -->
        <test-method status="PASS" signature="cities(java.lang.String, java.lang.String)[pri:0, instance:com.practice.MMT_withDataprovider@4501b7af]" name="cities" duration-ms="35971" started-at="2021-08-13T13:28:25Z" data-provider="getvalues" finished-at="2021-08-13T13:29:01Z">
          <params>
            <param index="0">
              <value>
                <![CDATA[PNQ]]>
              </value>
            </param>
            <param index="1">
              <value>
                <![CDATA[BLR]]>
              </value>
            </param>
          </params>
          <reporter-output>
          </reporter-output>
        </test-method> <!-- cities -->
        <test-method status="PASS" signature="cities(java.lang.String, java.lang.String)[pri:0, instance:com.practice.MMT_withDataprovider@4501b7af]" name="cities" duration-ms="30920" started-at="2021-08-13T13:29:01Z" data-provider="getvalues" finished-at="2021-08-13T13:29:32Z">
          <params>
            <param index="0">
              <value>
                <![CDATA[DEL]]>
              </value>
            </param>
            <param index="1">
              <value>
                <![CDATA[BOM]]>
              </value>
            </param>
          </params>
          <reporter-output>
          </reporter-output>
        </test-method> <!-- cities -->
        <test-method status="PASS" signature="cities(java.lang.String, java.lang.String)[pri:0, instance:com.practice.MMT_withDataprovider@4501b7af]" name="cities" duration-ms="51137" started-at="2021-08-13T13:29:32Z" data-provider="getvalues" finished-at="2021-08-13T13:30:23Z">
          <params>
            <param index="0">
              <value>
                <![CDATA[BOM]]>
              </value>
            </param>
            <param index="1">
              <value>
                <![CDATA[DEL]]>
              </value>
            </param>
          </params>
          <reporter-output>
          </reporter-output>
        </test-method> <!-- cities -->
      </class> <!-- com.practice.MMT_withDataprovider -->
    </test> <!-- Default test -->
  </suite> <!-- Default suite -->
</testng-results>
